Base path: 'C:/Program Files/Unity/Hub/Editor/2019.3.13f1/Editor/Data', plugins path 'C:/Program Files/Unity/Hub/Editor/2019.3.13f1/Editor/Data/PlaybackEngines'
Cmd: initializeCompiler
Cmd: compileComputeKernel
  error: 1 plat 4 at Conv2d.cginc(773): signed/unsigned mismatch, unsigned assumed
  api=4 insize=775 outsize=11445 ok=1
Cmd: compileComputeKernel
  api=4 insize=958 outsize=1469 ok=1
Cmd: compileComputeKernel
  api=4 insize=958 outsize=1616 ok=1
Cmd: compileComputeKernel
  api=4 insize=222 outsize=680 ok=1
Cmd: compileComputeKernel
  api=4 insize=759 outsize=777 ok=1
Cmd: compileComputeKernel
  api=4 insize=759 outsize=749 ok=1
Cmd: compileComputeKernel
  api=4 insize=3405 outsize=3084 ok=1
Cmd: compileComputeKernel
  api=4 insize=3405 outsize=3725 ok=1
Cmd: compileComputeKernel
  api=4 insize=3405 outsize=15993 ok=1
Cmd: compileComputeKernel
  api=4 insize=12919 outsize=1099 ok=1
Cmd: compileComputeKernel
  api=4 insize=12919 outsize=2218 ok=1
Cmd: compileComputeKernel
  api=4 insize=80321 outsize=2795 ok=1
Cmd: compileComputeKernel
  api=4 insize=80321 outsize=5212 ok=1
Cmd: compileComputeKernel
  api=4 insize=80321 outsize=2077 ok=1
Cmd: compileComputeKernel
  api=4 insize=80321 outsize=3335 ok=1
Cmd: compileComputeKernel
  api=4 insize=80321 outsize=3372 ok=1
Cmd: compileComputeKernel
  api=4 insize=80321 outsize=3553 ok=1
Cmd: compileComputeKernel
  api=4 insize=80321 outsize=3372 ok=1
Cmd: compileComputeKernel
  api=4 insize=80321 outsize=3485 ok=1
Cmd: compileComputeKernel
  api=4 insize=80321 outsize=3472 ok=1
Cmd: compileComputeKernel
  api=4 insize=80321 outsize=4419 ok=1
Cmd: compileComputeKernel
  api=4 insize=80321 outsize=5039 ok=1
Cmd: compileComputeKernel
  api=4 insize=80321 outsize=5068 ok=1
Cmd: compileComputeKernel
  api=4 insize=80321 outsize=3414 ok=1
Cmd: compileComputeKernel
  api=4 insize=80321 outsize=3429 ok=1
Cmd: compileComputeKernel
  api=4 insize=80321 outsize=1449 ok=1
Cmd: compileComputeKernel
  api=4 insize=80321 outsize=1750 ok=1
Cmd: compileComputeKernel
  api=4 insize=80321 outsize=3638 ok=1
Cmd: compileComputeKernel
  api=4 insize=467 outsize=2137 ok=1
Cmd: compileComputeKernel
  api=4 insize=4703 outsize=3370 ok=1
Cmd: compileComputeKernel
  api=4 insize=4703 outsize=3554 ok=1
Cmd: compileComputeKernel
  api=4 insize=75201 outsize=7768 ok=1
Cmd: compileComputeKernel
  api=4 insize=13363 outsize=10970 ok=1
Cmd: compileComputeKernel
  api=4 insize=958 outsize=1465 ok=1
Cmd: compileComputeKernel
  api=4 insize=776 outsize=6364 ok=1
Cmd: compileComputeKernel
  api=4 insize=10470 outsize=769 ok=1
Cmd: compileComputeKernel
  api=4 insize=10470 outsize=796 ok=1
Cmd: compileComputeKernel
  api=4 insize=10470 outsize=1081 ok=1
Cmd: compileComputeKernel
  api=4 insize=10470 outsize=1313 ok=1
Cmd: compileComputeKernel
  api=4 insize=10470 outsize=1229 ok=1
Cmd: compileComputeKernel
  api=4 insize=10470 outsize=1524 ok=1
Cmd: compileComputeKernel
  api=4 insize=10470 outsize=1369 ok=1
Cmd: compileComputeKernel
  api=4 insize=10470 outsize=1359 ok=1
Cmd: compileComputeKernel
  api=4 insize=10470 outsize=1284 ok=1
Cmd: compileComputeKernel
  api=4 insize=10470 outsize=1387 ok=1
Cmd: compileComputeKernel
  api=4 insize=10470 outsize=1628 ok=1
Cmd: compileComputeKernel
  api=4 insize=10470 outsize=1338 ok=1
Cmd: compileComputeKernel
  api=4 insize=10470 outsize=1287 ok=1
Cmd: compileComputeKernel
  api=4 insize=4442 outsize=1684 ok=1
