Base path: 'D:/Program Files/Unity/Editor/Data', plugins path 'D:/Program Files/Unity/Editor/Data/PlaybackEngines'
Cmd: initializeCompiler
Cmd: compileComputeKernel
  api=4 insize=958 outsize=1502 ok=1
Cmd: compileComputeKernel
  api=4 insize=759 outsize=806 ok=1
Cmd: compileComputeKernel
  api=4 insize=3405 outsize=25006 ok=1
Cmd: compileComputeKernel
  api=4 insize=12919 outsize=1027 ok=1
Cmd: compileComputeKernel
  api=4 insize=12919 outsize=1364 ok=1
Cmd: compileComputeKernel
  api=4 insize=80321 outsize=3854 ok=1
Cmd: compileComputeKernel
  api=4 insize=80321 outsize=1461 ok=1
Cmd: compileComputeKernel
  api=4 insize=80321 outsize=1407 ok=1
Cmd: compileComputeKernel
  api=4 insize=80321 outsize=4086 ok=1
Cmd: compileComputeKernel
  api=4 insize=80321 outsize=3398 ok=1
Cmd: compileComputeKernel
  api=4 insize=80321 outsize=4872 ok=1
Cmd: compileComputeKernel
  api=4 insize=80321 outsize=3485 ok=1
Cmd: compileComputeKernel
  api=4 insize=80321 outsize=3375 ok=1
Cmd: compileComputeKernel
  api=4 insize=80321 outsize=3407 ok=1
Cmd: compileComputeKernel
  api=4 insize=80321 outsize=5479 ok=1
Cmd: compileComputeKernel
  api=4 insize=80321 outsize=5076 ok=1
Cmd: compileComputeKernel
  api=4 insize=80321 outsize=5218 ok=1
Cmd: compileComputeKernel
  api=4 insize=80321 outsize=3309 ok=1
Cmd: compileComputeKernel
  api=4 insize=80321 outsize=1590 ok=1
Cmd: compileComputeKernel
  api=4 insize=80321 outsize=1680 ok=1
Cmd: compileComputeKernel
  api=4 insize=80321 outsize=1927 ok=1
Cmd: compileComputeKernel
  api=4 insize=467 outsize=3276 ok=1
Cmd: compileComputeKernel
  api=4 insize=4703 outsize=3309 ok=1
Cmd: compileComputeKernel
  api=4 insize=4231 outsize=3836 ok=1
Cmd: compileComputeKernel
  api=4 insize=467 outsize=3147 ok=1
Cmd: compileComputeKernel
  api=4 insize=958 outsize=1465 ok=1
Cmd: compileComputeKernel
  error: 1 plat 4 at Conv2d.cginc(756): signed/unsigned mismatch, unsigned assumed
  api=4 insize=776 outsize=9765 ok=1
Cmd: compileComputeKernel
  api=4 insize=10470 outsize=675 ok=1
Cmd: compileComputeKernel
  api=4 insize=10470 outsize=937 ok=1
Cmd: compileComputeKernel
  api=4 insize=10470 outsize=677 ok=1
Cmd: compileComputeKernel
  api=4 insize=10470 outsize=847 ok=1
Cmd: compileComputeKernel
  api=4 insize=10470 outsize=1710 ok=1
Cmd: compileComputeKernel
  api=4 insize=10470 outsize=786 ok=1
Cmd: compileComputeKernel
  api=4 insize=10470 outsize=1321 ok=1
Cmd: compileComputeKernel
  api=4 insize=10470 outsize=1369 ok=1
Cmd: compileComputeKernel
  api=4 insize=10470 outsize=1465 ok=1
Cmd: compileComputeKernel
  api=4 insize=10470 outsize=1288 ok=1
Cmd: compileComputeKernel
  api=4 insize=10470 outsize=1830 ok=1
Cmd: compileComputeKernel
  api=4 insize=10470 outsize=1334 ok=1
Cmd: compileComputeKernel
  api=4 insize=10470 outsize=1397 ok=1
Cmd: compileComputeKernel
  api=4 insize=10470 outsize=1378 ok=1
Cmd: compileComputeKernel
  api=4 insize=10470 outsize=1264 ok=1
Cmd: compileComputeKernel
  api=4 insize=4442 outsize=1684 ok=1
